[0.029s] Invoking command in '/home/ubuntu/ros2_ws/build/mini_pupper_slam': CMAKE_PREFIX_PATH=/opt/ros/humble /usr/bin/cmake /home/ubuntu/ros2_ws/src/mini_pupper_ros/mini_pupper_slam -DAMENT_CMAKE_SYMLINK_INSTALL=1 -DCMAKE_INSTALL_PREFIX=/home/ubuntu/ros2_ws/install/mini_pupper_slam
[0.295s] -- The C compiler identification is GNU 11.4.0
[0.568s] -- The CXX compiler identification is GNU 11.4.0
[0.598s] -- Detecting C compiler ABI info
[0.942s] -- Detecting C compiler ABI info - done
[0.975s] -- Check for working C compiler: /usr/bin/cc - skipped
[0.976s] -- Detecting C compile features
[0.978s] -- Detecting C compile features - done
[0.992s] -- Detecting CXX compiler ABI info
[1.367s] -- Detecting CXX compiler ABI info - done
[1.396s] -- Check for working CXX compiler: /usr/bin/c++ - skipped
[1.397s] -- Detecting CXX compile features
[1.399s] -- Detecting CXX compile features - done
[1.423s] -- Found ament_cmake: 1.3.9 (/opt/ros/humble/share/ament_cmake/cmake)
[2.213s] -- Found Python3: /usr/bin/python3 (found version "3.10.12") found components: Interpreter 
[2.525s] -- Override CMake install command with custom implementation using symlinks instead of copying resources
[2.791s] -- Found ament_lint_auto: 0.12.11 (/opt/ros/humble/share/ament_lint_auto/cmake)
[3.287s] -- Added test 'copyright' to check source files copyright and LICENSE
[3.306s] -- Added test 'flake8' to check Python code syntax and style conventions
[3.310s] -- Added test 'lint_cmake' to check CMake code style
[3.314s] -- Added test 'pep257' to check Python code against some of the docstring style conventions in PEP 257
[3.324s] -- Added test 'xmllint' to check XML markup files
[3.334s] -- Configuring done
[3.359s] -- Generating done
[3.365s] -- Build files have been written to: /home/ubuntu/ros2_ws/build/mini_pupper_slam
[3.389s] Invoked command in '/home/ubuntu/ros2_ws/build/mini_pupper_slam' returned '0': CMAKE_PREFIX_PATH=/opt/ros/humble /usr/bin/cmake /home/ubuntu/ros2_ws/src/mini_pupper_ros/mini_pupper_slam -DAMENT_CMAKE_SYMLINK_INSTALL=1 -DCMAKE_INSTALL_PREFIX=/home/ubuntu/ros2_ws/install/mini_pupper_slam
[3.397s] Invoking command in '/home/ubuntu/ros2_ws/build/mini_pupper_slam': CMAKE_PREFIX_PATH=/opt/ros/humble /usr/bin/cmake --build /home/ubuntu/ros2_ws/build/mini_pupper_slam
[3.546s] Invoked command in '/home/ubuntu/ros2_ws/build/mini_pupper_slam' returned '0': CMAKE_PREFIX_PATH=/opt/ros/humble /usr/bin/cmake --build /home/ubuntu/ros2_ws/build/mini_pupper_slam
[3.653s] Invoking command in '/home/ubuntu/ros2_ws/build/mini_pupper_slam': CMAKE_PREFIX_PATH=/opt/ros/humble /usr/bin/cmake --install /home/ubuntu/ros2_ws/build/mini_pupper_slam
[3.680s] -- Install configuration: ""
[3.682s] -- Execute custom install script
[3.685s] -- Symlinking: /home/ubuntu/ros2_ws/install/mini_pupper_slam/share/mini_pupper_slam/launch/slam.launch.py
[3.722s] -- Symlinking: /home/ubuntu/ros2_ws/install/mini_pupper_slam/share/mini_pupper_slam/config/slam.lua
[3.756s] -- Symlinking: /home/ubuntu/ros2_ws/install/mini_pupper_slam/share/mini_pupper_slam/rviz/slam.rviz
[3.790s] -- Symlinking: /home/ubuntu/ros2_ws/install/mini_pupper_slam/share/ament_index/resource_index/package_run_dependencies/mini_pupper_slam
[3.827s] -- Symlinking: /home/ubuntu/ros2_ws/install/mini_pupper_slam/share/ament_index/resource_index/parent_prefix_path/mini_pupper_slam
[3.864s] -- Symlinking: /home/ubuntu/ros2_ws/install/mini_pupper_slam/share/mini_pupper_slam/environment/ament_prefix_path.sh
[3.898s] -- Symlinking: /home/ubuntu/ros2_ws/install/mini_pupper_slam/share/mini_pupper_slam/environment/ament_prefix_path.dsv
[3.935s] -- Symlinking: /home/ubuntu/ros2_ws/install/mini_pupper_slam/share/mini_pupper_slam/environment/path.sh
[3.972s] -- Symlinking: /home/ubuntu/ros2_ws/install/mini_pupper_slam/share/mini_pupper_slam/environment/path.dsv
[4.009s] -- Symlinking: /home/ubuntu/ros2_ws/install/mini_pupper_slam/share/mini_pupper_slam/local_setup.bash
[4.042s] -- Symlinking: /home/ubuntu/ros2_ws/install/mini_pupper_slam/share/mini_pupper_slam/local_setup.sh
[4.079s] -- Symlinking: /home/ubuntu/ros2_ws/install/mini_pupper_slam/share/mini_pupper_slam/local_setup.zsh
[4.112s] -- Symlinking: /home/ubuntu/ros2_ws/install/mini_pupper_slam/share/mini_pupper_slam/local_setup.dsv
[4.148s] -- Symlinking: /home/ubuntu/ros2_ws/install/mini_pupper_slam/share/mini_pupper_slam/package.dsv
[4.183s] -- Symlinking: /home/ubuntu/ros2_ws/install/mini_pupper_slam/share/ament_index/resource_index/packages/mini_pupper_slam
[4.219s] -- Symlinking: /home/ubuntu/ros2_ws/install/mini_pupper_slam/share/mini_pupper_slam/cmake/mini_pupper_slamConfig.cmake
[4.252s] -- Symlinking: /home/ubuntu/ros2_ws/install/mini_pupper_slam/share/mini_pupper_slam/cmake/mini_pupper_slamConfig-version.cmake
[4.286s] -- Symlinking: /home/ubuntu/ros2_ws/install/mini_pupper_slam/share/mini_pupper_slam/package.xml
[4.327s] Invoked command in '/home/ubuntu/ros2_ws/build/mini_pupper_slam' returned '0': CMAKE_PREFIX_PATH=/opt/ros/humble /usr/bin/cmake --install /home/ubuntu/ros2_ws/build/mini_pupper_slam
