[4.758s] Invoking command in '/home/ubuntu/ros2_ws/build/mini_pupper_dance': AMENT_PREFIX_PATH=/home/ubuntu/ros2_ws/install/mini_pupper_interfaces:${AMENT_PREFIX_PATH} CMAKE_PREFIX_PATH=/home/ubuntu/ros2_ws/install/mini_pupper_interfaces LD_LIBRARY_PATH=/home/ubuntu/ros2_ws/install/mini_pupper_interfaces/lib:${LD_LIBRARY_PATH} PYTHONPATH=/home/ubuntu/ros2_ws/build/mini_pupper_dance/prefix_override:/usr/lib/python3/dist-packages/colcon_core/task/python/colcon_distutils_commands:/home/ubuntu/ros2_ws/install/mini_pupper_dance/lib/python3.10/site-packages:/home/ubuntu/ros2_ws/install/mini_pupper_interfaces/local/lib/python3.10/dist-packages:${PYTHONPATH} /usr/bin/python3 -W ignore:setup.py install is deprecated setup.py develop --editable --build-directory /home/ubuntu/ros2_ws/build/mini_pupper_dance/build --no-deps symlink_data
[6.079s] running develop
[6.841s] running egg_info
[6.841s] creating mini_pupper_dance.egg-info
[6.842s] writing mini_pupper_dance.egg-info/PKG-INFO
[6.843s] writing dependency_links to mini_pupper_dance.egg-info/dependency_links.txt
[6.843s] writing entry points to mini_pupper_dance.egg-info/entry_points.txt
[6.844s] writing requirements to mini_pupper_dance.egg-info/requires.txt
[6.845s] writing top-level names to mini_pupper_dance.egg-info/top_level.txt
[6.846s] writing manifest file 'mini_pupper_dance.egg-info/SOURCES.txt'
[6.855s] reading manifest file 'mini_pupper_dance.egg-info/SOURCES.txt'
[6.859s] writing manifest file 'mini_pupper_dance.egg-info/SOURCES.txt'
[6.865s] running build_ext
[6.866s] Creating /home/ubuntu/ros2_ws/install/mini_pupper_dance/lib/python3.10/site-packages/mini-pupper-dance.egg-link (link to .)
[6.870s] Installing client script to /home/ubuntu/ros2_ws/install/mini_pupper_dance/lib/mini_pupper_dance
[6.871s] Installing pose_controller script to /home/ubuntu/ros2_ws/install/mini_pupper_dance/lib/mini_pupper_dance
[6.872s] Installing service script to /home/ubuntu/ros2_ws/install/mini_pupper_dance/lib/mini_pupper_dance
[6.873s] 
[6.874s] Installed /home/ubuntu/ros2_ws/build/mini_pupper_dance
[6.874s] running symlink_data
[6.875s] creating /home/ubuntu/ros2_ws/install/mini_pupper_dance/share/ament_index
[6.875s] creating /home/ubuntu/ros2_ws/install/mini_pupper_dance/share/ament_index/resource_index
[6.876s] creating /home/ubuntu/ros2_ws/install/mini_pupper_dance/share/ament_index/resource_index/packages
[6.876s] symbolically linking /home/ubuntu/ros2_ws/build/mini_pupper_dance/resource/mini_pupper_dance -> /home/ubuntu/ros2_ws/install/mini_pupper_dance/share/ament_index/resource_index/packages
[6.877s] symbolically linking /home/ubuntu/ros2_ws/build/mini_pupper_dance/package.xml -> /home/ubuntu/ros2_ws/install/mini_pupper_dance/share/mini_pupper_dance
[6.878s] symbolically linking /home/ubuntu/ros2_ws/build/mini_pupper_dance/launch/dance.launch.py -> /home/ubuntu/ros2_ws/install/mini_pupper_dance/share/mini_pupper_dance
[7.038s] Invoked command in '/home/ubuntu/ros2_ws/build/mini_pupper_dance' returned '0': AMENT_PREFIX_PATH=/home/ubuntu/ros2_ws/install/mini_pupper_interfaces:${AMENT_PREFIX_PATH} CMAKE_PREFIX_PATH=/home/ubuntu/ros2_ws/install/mini_pupper_interfaces LD_LIBRARY_PATH=/home/ubuntu/ros2_ws/install/mini_pupper_interfaces/lib:${LD_LIBRARY_PATH} PYTHONPATH=/home/ubuntu/ros2_ws/build/mini_pupper_dance/prefix_override:/usr/lib/python3/dist-packages/colcon_core/task/python/colcon_distutils_commands:/home/ubuntu/ros2_ws/install/mini_pupper_dance/lib/python3.10/site-packages:/home/ubuntu/ros2_ws/install/mini_pupper_interfaces/local/lib/python3.10/dist-packages:${PYTHONPATH} /usr/bin/python3 -W ignore:setup.py install is deprecated setup.py develop --editable --build-directory /home/ubuntu/ros2_ws/build/mini_pupper_dance/build --no-deps symlink_data
