[3.660s] Invoking command in '/home/ubuntu/ros2_ws/build/mini_pupper_music': PYTHONPATH=/home/ubuntu/ros2_ws/build/mini_pupper_music/prefix_override:/usr/lib/python3/dist-packages/colcon_core/task/python/colcon_distutils_commands:/home/ubuntu/ros2_ws/install/mini_pupper_music/lib/python3.10/site-packages:${PYTHONPATH} /usr/bin/python3 -W ignore:setup.py install is deprecated setup.py develop --editable --build-directory /home/ubuntu/ros2_ws/build/mini_pupper_music/build --no-deps symlink_data
[5.125s] running develop
[5.994s] running egg_info
[5.994s] creating mini_pupper_music.egg-info
[5.995s] writing mini_pupper_music.egg-info/PKG-INFO
[5.996s] writing dependency_links to mini_pupper_music.egg-info/dependency_links.txt
[5.997s] writing entry points to mini_pupper_music.egg-info/entry_points.txt
[5.997s] writing requirements to mini_pupper_music.egg-info/requires.txt
[5.998s] writing top-level names to mini_pupper_music.egg-info/top_level.txt
[5.999s] writing manifest file 'mini_pupper_music.egg-info/SOURCES.txt'
[6.008s] reading manifest file 'mini_pupper_music.egg-info/SOURCES.txt'
[6.012s] writing manifest file 'mini_pupper_music.egg-info/SOURCES.txt'
[6.019s] running build_ext
[6.020s] Creating /home/ubuntu/ros2_ws/install/mini_pupper_music/lib/python3.10/site-packages/mini-pupper-music.egg-link (link to .)
[6.025s] Installing service script to /home/ubuntu/ros2_ws/install/mini_pupper_music/lib/mini_pupper_music
[6.026s] 
[6.027s] Installed /home/ubuntu/ros2_ws/build/mini_pupper_music
[6.027s] running symlink_data
[6.028s] symbolically linking /home/ubuntu/ros2_ws/build/mini_pupper_music/package.xml -> /home/ubuntu/ros2_ws/install/mini_pupper_music/share/mini_pupper_music
[6.028s] creating /home/ubuntu/ros2_ws/install/mini_pupper_music/share/mini_pupper_music/resource
[6.029s] symbolically linking /home/ubuntu/ros2_ws/build/mini_pupper_music/resource/robot1.wav -> /home/ubuntu/ros2_ws/install/mini_pupper_music/share/mini_pupper_music/resource
[6.030s] symbolically linking /home/ubuntu/ros2_ws/build/mini_pupper_music/resource/robot1.mp3 -> /home/ubuntu/ros2_ws/install/mini_pupper_music/share/mini_pupper_music/resource
[6.030s] symbolically linking /home/ubuntu/ros2_ws/build/mini_pupper_music/resource/mini_pupper_music -> /home/ubuntu/ros2_ws/install/mini_pupper_music/share/mini_pupper_music/resource
[6.031s] symbolically linking /home/ubuntu/ros2_ws/build/mini_pupper_music/launch/music.launch.py -> /home/ubuntu/ros2_ws/install/mini_pupper_music/share/mini_pupper_music
[6.207s] Invoked command in '/home/ubuntu/ros2_ws/build/mini_pupper_music' returned '0': PYTHONPATH=/home/ubuntu/ros2_ws/build/mini_pupper_music/prefix_override:/usr/lib/python3/dist-packages/colcon_core/task/python/colcon_distutils_commands:/home/ubuntu/ros2_ws/install/mini_pupper_music/lib/python3.10/site-packages:${PYTHONPATH} /usr/bin/python3 -W ignore:setup.py install is deprecated setup.py develop --editable --build-directory /home/ubuntu/ros2_ws/build/mini_pupper_music/build --no-deps symlink_data
