[0.032s] Invoking command in '/home/ubuntu/ros2_ws/build/champ_config': CMAKE_PREFIX_PATH=/opt/ros/humble /usr/bin/cmake /home/ubuntu/ros2_ws/src/champ/champ/champ_config -DAMENT_CMAKE_SYMLINK_INSTALL=1 -DCMAKE_INSTALL_PREFIX=/home/ubuntu/ros2_ws/install/champ_config
[0.299s] -- The C compiler identification is GNU 11.4.0
[0.576s] -- The CXX compiler identification is GNU 11.4.0
[0.607s] -- Detecting C compiler ABI info
[0.936s] -- Detecting C compiler ABI info - done
[0.965s] -- Check for working C compiler: /usr/bin/cc - skipped
[0.966s] -- Detecting C compile features
[0.968s] -- Detecting C compile features - done
[0.981s] -- Detecting CXX compiler ABI info
[1.347s] -- Detecting CXX compiler ABI info - done
[1.377s] -- Check for working CXX compiler: /usr/bin/c++ - skipped
[1.378s] -- Detecting CXX compile features
[1.380s] -- Detecting CXX compile features - done
[1.404s] -- Found ament_cmake: 1.3.9 (/opt/ros/humble/share/ament_cmake/cmake)
[2.195s] -- Found Python3: /usr/bin/python3 (found version "3.10.12") found components: Interpreter 
[2.506s] -- Override CMake install command with custom implementation using symlinks instead of copying resources
[3.103s] -- Configuring done
[3.126s] -- Generating done
[3.154s] -- Build files have been written to: /home/ubuntu/ros2_ws/build/champ_config
[3.176s] Invoked command in '/home/ubuntu/ros2_ws/build/champ_config' returned '0': CMAKE_PREFIX_PATH=/opt/ros/humble /usr/bin/cmake /home/ubuntu/ros2_ws/src/champ/champ/champ_config -DAMENT_CMAKE_SYMLINK_INSTALL=1 -DCMAKE_INSTALL_PREFIX=/home/ubuntu/ros2_ws/install/champ_config
[3.184s] Invoking command in '/home/ubuntu/ros2_ws/build/champ_config': CMAKE_PREFIX_PATH=/opt/ros/humble /usr/bin/cmake --build /home/ubuntu/ros2_ws/build/champ_config
[3.333s] Invoked command in '/home/ubuntu/ros2_ws/build/champ_config' returned '0': CMAKE_PREFIX_PATH=/opt/ros/humble /usr/bin/cmake --build /home/ubuntu/ros2_ws/build/champ_config
[3.441s] Invoking command in '/home/ubuntu/ros2_ws/build/champ_config': CMAKE_PREFIX_PATH=/opt/ros/humble /usr/bin/cmake --install /home/ubuntu/ros2_ws/build/champ_config
[3.469s] -- Install configuration: ""
[3.471s] -- Execute custom install script
[3.474s] -- Symlinking: /home/ubuntu/ros2_ws/install/champ_config/share/champ_config/launch/bringup.launch.py
[3.507s] -- Symlinking: /home/ubuntu/ros2_ws/install/champ_config/share/champ_config/launch/gazebo.launch.py
[3.542s] -- Symlinking: /home/ubuntu/ros2_ws/install/champ_config/share/champ_config/launch/navigate.launch.py
[3.575s] -- Symlinking: /home/ubuntu/ros2_ws/install/champ_config/share/champ_config/launch/slam.launch.py
[3.611s] -- Symlinking: /home/ubuntu/ros2_ws/install/champ_config/share/champ_config/config/autonomy/navigation.yaml
[3.645s] -- Symlinking: /home/ubuntu/ros2_ws/install/champ_config/share/champ_config/config/autonomy/slam.yaml
[3.678s] -- Symlinking: /home/ubuntu/ros2_ws/install/champ_config/share/champ_config/config/gait/gait.yaml
[3.712s] -- Symlinking: /home/ubuntu/ros2_ws/install/champ_config/share/champ_config/config/joints/joints.yaml
[3.748s] -- Symlinking: /home/ubuntu/ros2_ws/install/champ_config/share/champ_config/config/links/links.yaml
[3.782s] -- Symlinking: /home/ubuntu/ros2_ws/install/champ_config/share/champ_config/maps/map.pgm
[3.816s] -- Symlinking: /home/ubuntu/ros2_ws/install/champ_config/share/champ_config/maps/map.yaml
[3.849s] -- Symlinking: /home/ubuntu/ros2_ws/install/champ_config/share/champ_config/maps/playground.pgm
[3.885s] -- Symlinking: /home/ubuntu/ros2_ws/install/champ_config/share/champ_config/maps/playground.yaml
[3.920s] -- Symlinking: /home/ubuntu/ros2_ws/install/champ_config/share/champ_config/worlds/default.world
[3.953s] -- Symlinking: /home/ubuntu/ros2_ws/install/champ_config/share/champ_config/worlds/outdoor.world
[3.986s] -- Symlinking: /home/ubuntu/ros2_ws/install/champ_config/share/champ_config/worlds/playground.world
[4.020s] -- Symlinking: /home/ubuntu/ros2_ws/install/champ_config/share/ament_index/resource_index/package_run_dependencies/champ_config
[4.054s] -- Symlinking: /home/ubuntu/ros2_ws/install/champ_config/share/ament_index/resource_index/parent_prefix_path/champ_config
[4.091s] -- Symlinking: /home/ubuntu/ros2_ws/install/champ_config/share/champ_config/environment/ament_prefix_path.sh
[4.128s] -- Symlinking: /home/ubuntu/ros2_ws/install/champ_config/share/champ_config/environment/ament_prefix_path.dsv
[4.165s] -- Symlinking: /home/ubuntu/ros2_ws/install/champ_config/share/champ_config/environment/path.sh
[4.198s] -- Symlinking: /home/ubuntu/ros2_ws/install/champ_config/share/champ_config/environment/path.dsv
[4.231s] -- Symlinking: /home/ubuntu/ros2_ws/install/champ_config/share/champ_config/local_setup.bash
[4.267s] -- Symlinking: /home/ubuntu/ros2_ws/install/champ_config/share/champ_config/local_setup.sh
[4.301s] -- Symlinking: /home/ubuntu/ros2_ws/install/champ_config/share/champ_config/local_setup.zsh
[4.334s] -- Symlinking: /home/ubuntu/ros2_ws/install/champ_config/share/champ_config/local_setup.dsv
[4.368s] -- Symlinking: /home/ubuntu/ros2_ws/install/champ_config/share/champ_config/package.dsv
[4.402s] -- Symlinking: /home/ubuntu/ros2_ws/install/champ_config/share/ament_index/resource_index/packages/champ_config
[4.435s] -- Symlinking: /home/ubuntu/ros2_ws/install/champ_config/share/champ_config/cmake/champ_configConfig.cmake
[4.982s] -- Symlinking: /home/ubuntu/ros2_ws/install/champ_config/share/champ_config/cmake/champ_configConfig-version.cmake
[5.015s] -- Symlinking: /home/ubuntu/ros2_ws/install/champ_config/share/champ_config/package.xml
[5.056s] Invoked command in '/home/ubuntu/ros2_ws/build/champ_config' returned '0': CMAKE_PREFIX_PATH=/opt/ros/humble /usr/bin/cmake --install /home/ubuntu/ros2_ws/build/champ_config
